<?xml version="1.0" encoding="UTF-8"?>
<testsuite xmlns:xsi="http://www.w3.org/2001/XMLSchema-instance" xsi:noNamespaceSchemaLocation="https://maven.apache.org/surefire/maven-surefire-plugin/xsd/surefire-test-report-3.0.xsd" version="3.0" name="accounts.AccountsDepartmentTest" time="0.129" tests="5" errors="0" skipped="0" failures="0">
  <properties>
[...]
</properties>
  <testcase name="testGenerateInvoice" classname="accounts.AccountsDepartmentTest" time="0.067">
    <system-out><![CDATA[Contributor created: John Doe [ID: 1]
Contributor created: Jane Smith [ID: 2]
Issue created: ID 1, Layout: Issue Layout, Status: Draft
Invoice generated for Advertiser ID: 101, Amount: $200.0
]]></system-out>
    <system-err><![CDATA[Jan 10, 2025 2:03:19 AM accounts.AccountsDepartment generateInvoice
WARNING: Invalid Advertiser ID: -1.
Jan 10, 2025 2:03:19 AM accounts.AccountsDepartment generateInvoice
WARNING: Invalid invoice amount: $-100.
]]></system-err>
  </testcase>
  <testcase name="testProcessPayments" classname="accounts.AccountsDepartmentTest" time="0.017">
    <system-out><![CDATA[Contributor created: John Doe [ID: 1]
Contributor created: Jane Smith [ID: 2]
Issue created: ID 1, Layout: Issue Layout, Status: Draft
Contributor created: Jane Doe [ID: 1]
Contributor created: John Smith [ID: 2]
Issue created: ID 1, Layout: Tech Edition, Status: Tech Insights
Contributor added to Issue [ID: 1]
Contributor added to Issue [ID: 1]
Contributor added: Jane Doe
Contributor added: John Smith
Processing payment for Contributor ID: 1 with balance: 100.0
Balance for Contributor ID 1 updated to: 0.0
Payment processed for Contributor ID: 1 on 2025-01-10
Payment of $100.0 processed for Contributor ID: 1
Payment for Contributor ID: 1 is within 30 days of publication.
]]></system-out>
    <system-err><![CDATA[Jan 10, 2025 2:03:19 AM accounts.AccountsDepartment processPayments
WARNING: Invalid balance for Contributor ID: 2. Skipping payment.
]]></system-err>
  </testcase>
  <testcase name="testPaymentWithin30Days" classname="accounts.AccountsDepartmentTest" time="0.003">
    <system-out><![CDATA[Contributor created: John Doe [ID: 1]
Contributor created: Jane Smith [ID: 2]
Issue created: ID 1, Layout: Issue Layout, Status: Draft
Contributor created: John Doe [ID: 1]
Issue created: ID 1, Layout: January Edition, Status: Monthly Tech Insights
Contributor added to Issue [ID: 1]
Contributor added: John Doe
Processing payment for Contributor ID: 1 with balance: 100.0
Balance for Contributor ID 1 updated to: 0.0
Payment processed for Contributor ID: 1 on 2025-01-10
Payment of $100.0 processed for Contributor ID: 1
Payment for Contributor ID: 1 is within 30 days of publication.
All payments processed for Issue ID: 1
Processed
Payment for Contributor ID: 1 is within 30 days of publication.
]]></system-out>
  </testcase>
  <testcase name="testProcessContributorPayment" classname="accounts.AccountsDepartmentTest" time="0.003">
    <system-out><![CDATA[Contributor created: John Doe [ID: 1]
Contributor created: Jane Smith [ID: 2]
Issue created: ID 1, Layout: Issue Layout, Status: Draft
Contributor created: Jane Doe [ID: 1]
Issue created: ID 1, Layout: Tech Edition, Status: Tech Insights
Contributor added to Issue [ID: 1]
Contributor added: Jane Doe
Processing payment for Contributor ID: 1 with balance: 100.0
Balance for Contributor ID 1 updated to: 0.0
Payment processed for Contributor ID: 1 on 2025-01-10
Payment of $100.0 processed for Contributor ID: 1
Payment for Contributor ID: 1 is within 30 days of publication.
All payments processed for Issue ID: 1
]]></system-out>
  </testcase>
  <testcase name="testAddContributor" classname="accounts.AccountsDepartmentTest" time="0.004">
    <system-out><![CDATA[Contributor created: John Doe [ID: 1]
Contributor created: Jane Smith [ID: 2]
Issue created: ID 1, Layout: Issue Layout, Status: Draft
Contributor added: John Doe
]]></system-out>
    <system-err><![CDATA[Jan 10, 2025 2:03:19 AM accounts.AccountsDepartment addContributor
WARNING: Cannot add a null Contributor.
Jan 10, 2025 2:03:19 AM accounts.AccountsDepartment addContributor
WARNING: Contributor with ID 1 already exists.
Jan 10, 2025 2:03:19 AM accounts.AccountsDepartment addContributor
WARNING: Contributor with ID 1 already exists.
]]></system-err>
  </testcase>
</testsuite>