<?xml version="1.0" encoding="UTF-8"?>
<testsuite xmlns:xsi="http://www.w3.org/2001/XMLSchema-instance" xsi:noNamespaceSchemaLocation="https://maven.apache.org/surefire/maven-surefire-plugin/xsd/surefire-test-report-3.0.xsd" version="3.0" name="Test.MagazinePublishingSystemTests" time="0.086" tests="1" errors="0" skipped="0" failures="0">
  <properties>
[...]
</properties>
  <testcase name="testStoryBelongsToExactlyOneIssue" classname="Test.MagazinePublishingSystemTests" time="0.055">
    <system-out><![CDATA[Issue created: ID 1, Layout: Tech Monthly, Status: January 2025
Story added to Issue [ID: 1]
Story belongs to one issue.
]]></system-out>
    <system-err><![CDATA[Jan 10, 2025 8:51:53 PM models.Story belongsToOneIssue
INFO: Story is not associated with any issue.
]]></system-err>
  </testcase>
</testsuite>